
  .   ____          _            __ _ _
 /\\ / ___'_ __ _ _(_)_ __  __ _ \ \ \ \
( ( )\___ | '_ | '_| | '_ \/ _` | \ \ \ \
 \\/  ___)| |_)| | | | | || (_| |  ) ) ) )
  '  |____| .__|_| |_|_| |_\__, | / / / /
 =========|_|==============|___/=/_/_/_/
[32m :: Spring Boot :: [39m      [2m (v2.3.2.RELEASE)[0;39m


Starting SpringBootBannerLog02Application on venkatesh with PID 5700 (D:\Venkatesh-Workspace\Java\MyPractice\Spring-boot\SpringBootBanner_Log_02\target\classes started by TSIWS037 in D:\Venkatesh-Workspace\Java\MyPractice\Spring-boot\SpringBootBanner_Log_02)
No active profile set, falling back to default profiles: default
Started SpringBootBannerLog02Application in 0.861 seconds (JVM running for 1.486)
2020-08-03 14:55:01 [main] INFO :: 
  .   ____          _            __ _ _
 /\\ / ___'_ __ _ _(_)_ __  __ _ \ \ \ \
( ( )\___ | '_ | '_| | '_ \/ _` | \ \ \ \
 \\/  ___)| |_)| | | | | || (_| |  ) ) ) )
  '  |____| .__|_| |_|_| |_\__, | / / / /
 =========|_|==============|___/=/_/_/_/
[32m :: Spring Boot :: [39m      [2m (v2.3.2.RELEASE)[0;39m


2020-08-03 14:55:01 [main] INFO :: Starting SpringBootBannerLog02Application on venkatesh with PID 6128 (D:\Venkatesh-Workspace\Java\MyPractice\Spring-boot\SpringBootBanner_Log_02\target\classes started by TSIWS037 in D:\Venkatesh-Workspace\Java\MyPractice\Spring-boot\SpringBootBanner_Log_02)
2020-08-03 14:55:01 [main] INFO :: No active profile set, falling back to default profiles: default
2020-08-03 14:55:02 [main] INFO :: Started SpringBootBannerLog02Application in 0.81 seconds (JVM running for 1.436)
